<?xml version="1.0" encoding="UTF-8"?>
<testng-results ignored="0" total="84" passed="81" failed="3" skipped="0">
  <reporter-output>
  </reporter-output>
  <suite started-at="2022-04-04T11:37:32 IST" name="Suite" finished-at="2022-04-04T11:43:11 IST" duration-ms="339639">
    <groups>
    </groups>
    <test started-at="2022-04-04T11:37:32 IST" name="Test" finished-at="2022-04-04T11:43:11 IST" duration-ms="339639">
      <class name="test_suite.Office_Location_Test">
        <test-method is-config="true" signature="setup()[pri:0, instance:test_suite.Office_Location_Test@1a38ba58]" started-at="2022-04-04T11:39:31 IST" name="setup" finished-at="2022-04-04T11:39:33 IST" duration-ms="1539" status="PASS">
          <reporter-output>
          </reporter-output>
        </test-method> <!-- setup -->
        <test-method signature="log_in_seller()[pri:1, instance:test_suite.Office_Location_Test@1a38ba58]" started-at="2022-04-04T11:39:33 IST" name="log_in_seller" finished-at="2022-04-04T11:39:36 IST" duration-ms="3355" status="PASS">
          <reporter-output>
          </reporter-output>
        </test-method> <!-- log_in_seller -->
        <test-method signature="Office_location_validation()[pri:2, instance:test_suite.Office_Location_Test@1a38ba58]" started-at="2022-04-04T11:39:36 IST" name="Office_location_validation" finished-at="2022-04-04T11:40:29 IST" duration-ms="52719" status="FAIL">
          <exception class="org.openqa.selenium.NoSuchElementException">
            <message>
              <![CDATA[Cannot locate element with text: General Zone
For documentation on this error, please visit: https://www.seleniumhq.org/exceptions/no_such_element.html
Build info: version: '3.141.59', revision: 'e82be7d358', time: '2018-11-14T08:17:03'
System info: host: 'pruthviraj', ip: '10.20.10.145', os.name: 'Linux', os.arch: 'amd64', os.version: '5.14.0-1031-oem', java.version: '15.0.2'
Driver info: driver.version: unknown]]>
            </message>
            <full-stacktrace>
              <![CDATA[org.openqa.selenium.NoSuchElementException: Cannot locate element with text: General Zone
For documentation on this error, please visit: https://www.seleniumhq.org/exceptions/no_such_element.html
Build info: version: '3.141.59', revision: 'e82be7d358', time: '2018-11-14T08:17:03'
System info: host: 'pruthviraj', ip: '10.20.10.145', os.name: 'Linux', os.arch: 'amd64', os.version: '5.14.0-1031-oem', java.version: '15.0.2'
Driver info: driver.version: unknown
at org.openqa.selenium.support.ui.Select.selectByVisibleText(Select.java:147)
at testcase_methods.Office_location_.office_location_create(Office_location_.java:117)
at test_suite.Office_Location_Test.Office_location_validation(Office_Location_Test.java:21)
at java.base/jdk.internal.reflect.NativeMethodAccessorImpl.invoke0(Native Method)
at java.base/jdk.internal.reflect.NativeMethodAccessorImpl.invoke(NativeMethodAccessorImpl.java:64)
at java.base/jdk.internal.reflect.DelegatingMethodAccessorImpl.invoke(DelegatingMethodAccessorImpl.java:43)
at java.base/java.lang.reflect.Method.invoke(Method.java:564)
at org.testng.internal.MethodInvocationHelper.invokeMethod(MethodInvocationHelper.java:133)
at org.testng.internal.TestInvoker.invokeMethod(TestInvoker.java:598)
at org.testng.internal.TestInvoker.invokeTestMethod(TestInvoker.java:173)
at org.testng.internal.MethodRunner.runInSequence(MethodRunner.java:46)
at org.testng.internal.TestInvoker$MethodInvocationAgent.invoke(TestInvoker.java:824)
at org.testng.internal.TestInvoker.invokeTestMethods(TestInvoker.java:146)
at org.testng.internal.TestMethodWorker.invokeTestMethods(TestMethodWorker.java:146)
at org.testng.internal.TestMethodWorker.run(TestMethodWorker.java:128)
at java.base/java.util.ArrayList.forEach(ArrayList.java:1511)
at org.testng.TestRunner.privateRun(TestRunner.java:794)
at org.testng.TestRunner.run(TestRunner.java:596)
at org.testng.SuiteRunner.runTest(SuiteRunner.java:377)
at org.testng.SuiteRunner.runSequentially(SuiteRunner.java:371)
at org.testng.SuiteRunner.privateRun(SuiteRunner.java:332)
at org.testng.SuiteRunner.run(SuiteRunner.java:276)
at org.testng.SuiteRunnerWorker.runSuite(SuiteRunnerWorker.java:53)
at org.testng.SuiteRunnerWorker.run(SuiteRunnerWorker.java:96)
at org.testng.TestNG.runSuitesSequentially(TestNG.java:1212)
at org.testng.TestNG.runSuitesLocally(TestNG.java:1134)
at org.testng.TestNG.runSuites(TestNG.java:1063)
at org.testng.TestNG.run(TestNG.java:1031)
at org.testng.remote.AbstractRemoteTestNG.run(AbstractRemoteTestNG.java:115)
at org.testng.remote.RemoteTestNG.initAndRun(RemoteTestNG.java:251)
at org.testng.remote.RemoteTestNG.main(RemoteTestNG.java:77)
]]>
            </full-stacktrace>
          </exception> <!-- org.openqa.selenium.NoSuchElementException -->
          <reporter-output>
          </reporter-output>
        </test-method> <!-- Office_location_validation -->
        <test-method is-config="true" signature="teardown()[pri:0, instance:test_suite.Office_Location_Test@1a38ba58]" started-at="2022-04-04T11:40:29 IST" name="teardown" finished-at="2022-04-04T11:40:29 IST" duration-ms="114" status="PASS">
          <reporter-output>
          </reporter-output>
        </test-method> <!-- teardown -->
      </class> <!-- test_suite.Office_Location_Test -->
      <class name="test_suite.Bank_Account_Test">
        <test-method is-config="true" signature="setup()[pri:0, instance:test_suite.Bank_Account_Test@3ad394e6]" started-at="2022-04-04T11:40:29 IST" name="setup" finished-at="2022-04-04T11:40:31 IST" duration-ms="1510" status="PASS">
          <reporter-output>
          </reporter-output>
        </test-method> <!-- setup -->
        <test-method signature="log_in_seller()[pri:1, instance:test_suite.Bank_Account_Test@3ad394e6]" started-at="2022-04-04T11:40:31 IST" name="log_in_seller" finished-at="2022-04-04T11:40:34 IST" duration-ms="3168" status="PASS">
          <reporter-output>
          </reporter-output>
        </test-method> <!-- log_in_seller -->
        <test-method signature="bank_act_validation()[pri:2, instance:test_suite.Bank_Account_Test@3ad394e6]" started-at="2022-04-04T11:40:34 IST" name="bank_act_validation" finished-at="2022-04-04T11:40:58 IST" duration-ms="24061" status="FAIL">
          <exception class="org.openqa.selenium.NoSuchElementException">
            <message>
              <![CDATA[no such element: Unable to locate element: {"method":"xpath","selector":"//span[@class='mismatch ng-scope']"}
  (Session info: chrome=98.0.4758.80)
For documentation on this error, please visit: https://www.seleniumhq.org/exceptions/no_such_element.html
Build info: version: '3.141.59', revision: 'e82be7d358', time: '2018-11-14T08:17:03'
System info: host: 'pruthviraj', ip: '10.20.10.145', os.name: 'Linux', os.arch: 'amd64', os.version: '5.14.0-1031-oem', java.version: '15.0.2'
Driver info: org.openqa.selenium.chrome.ChromeDriver
Capabilities {acceptInsecureCerts: false, browserName: chrome, browserVersion: 98.0.4758.80, chrome: {chromedriverVersion: 98.0.4758.80 (7f0488e8ba0d8..., userDataDir: /tmp/.com.google.Chrome.eshH2t}, goog:chromeOptions: {debuggerAddress: localhost:45557}, javascriptEnabled: true, networkConnectionEnabled: false, pageLoadStrategy: normal, platform: LINUX, platformName: LINUX, proxy: Proxy(), setWindowRect: true, strictFileInteractability: false, timeouts: {implicit: 0, pageLoad: 300000, script: 30000}, unhandledPromptBehavior: dismiss and notify, webauthn:extension:credBlob: true, webauthn:extension:largeBlob: true, webauthn:virtualAuthenticators: true}
Session ID: 44f7257f207667660b4f0279899be70b
*** Element info: {Using=xpath, value=//span[@class='mismatch ng-scope']}]]>
            </message>
            <full-stacktrace>
              <![CDATA[org.openqa.selenium.NoSuchElementException: no such element: Unable to locate element: {"method":"xpath","selector":"//span[@class='mismatch ng-scope']"}
  (Session info: chrome=98.0.4758.80)
For documentation on this error, please visit: https://www.seleniumhq.org/exceptions/no_such_element.html
Build info: version: '3.141.59', revision: 'e82be7d358', time: '2018-11-14T08:17:03'
System info: host: 'pruthviraj', ip: '10.20.10.145', os.name: 'Linux', os.arch: 'amd64', os.version: '5.14.0-1031-oem', java.version: '15.0.2'
Driver info: org.openqa.selenium.chrome.ChromeDriver
Capabilities {acceptInsecureCerts: false, browserName: chrome, browserVersion: 98.0.4758.80, chrome: {chromedriverVersion: 98.0.4758.80 (7f0488e8ba0d8..., userDataDir: /tmp/.com.google.Chrome.eshH2t}, goog:chromeOptions: {debuggerAddress: localhost:45557}, javascriptEnabled: true, networkConnectionEnabled: false, pageLoadStrategy: normal, platform: LINUX, platformName: LINUX, proxy: Proxy(), setWindowRect: true, strictFileInteractability: false, timeouts: {implicit: 0, pageLoad: 300000, script: 30000}, unhandledPromptBehavior: dismiss and notify, webauthn:extension:credBlob: true, webauthn:extension:largeBlob: true, webauthn:virtualAuthenticators: true}
Session ID: 44f7257f207667660b4f0279899be70b
*** Element info: {Using=xpath, value=//span[@class='mismatch ng-scope']}
at java.base/jdk.internal.reflect.NativeConstructorAccessorImpl.newInstance0(Native Method)
at java.base/jdk.internal.reflect.NativeConstructorAccessorImpl.newInstance(NativeConstructorAccessorImpl.java:64)
at java.base/jdk.internal.reflect.DelegatingConstructorAccessorImpl.newInstance(DelegatingConstructorAccessorImpl.java:45)
at java.base/java.lang.reflect.Constructor.newInstanceWithCaller(Constructor.java:500)
at java.base/java.lang.reflect.Constructor.newInstance(Constructor.java:481)
at org.openqa.selenium.remote.http.W3CHttpResponseCodec.createException(W3CHttpResponseCodec.java:187)
at org.openqa.selenium.remote.http.W3CHttpResponseCodec.decode(W3CHttpResponseCodec.java:122)
at org.openqa.selenium.remote.http.W3CHttpResponseCodec.decode(W3CHttpResponseCodec.java:49)
at org.openqa.selenium.remote.HttpCommandExecutor.execute(HttpCommandExecutor.java:158)
at org.openqa.selenium.remote.service.DriverCommandExecutor.execute(DriverCommandExecutor.java:83)
at org.openqa.selenium.remote.RemoteWebDriver.execute(RemoteWebDriver.java:552)
at org.openqa.selenium.remote.RemoteWebDriver.findElement(RemoteWebDriver.java:323)
at org.openqa.selenium.remote.RemoteWebDriver.findElementByXPath(RemoteWebDriver.java:428)
at org.openqa.selenium.By$ByXPath.findElement(By.java:353)
at org.openqa.selenium.remote.RemoteWebDriver.findElement(RemoteWebDriver.java:315)
at page_objects.Bank_acc_page.get_validation_error_symbol(Bank_acc_page.java:79)
at testcase_methods.Bank_account_.bank_acc_validation(Bank_account_.java:103)
at test_suite.Bank_Account_Test.bank_act_validation(Bank_Account_Test.java:22)
at java.base/jdk.internal.reflect.NativeMethodAccessorImpl.invoke0(Native Method)
at java.base/jdk.internal.reflect.NativeMethodAccessorImpl.invoke(NativeMethodAccessorImpl.java:64)
at java.base/jdk.internal.reflect.DelegatingMethodAccessorImpl.invoke(DelegatingMethodAccessorImpl.java:43)
at java.base/java.lang.reflect.Method.invoke(Method.java:564)
at org.testng.internal.MethodInvocationHelper.invokeMethod(MethodInvocationHelper.java:133)
at org.testng.internal.TestInvoker.invokeMethod(TestInvoker.java:598)
at org.testng.internal.TestInvoker.invokeTestMethod(TestInvoker.java:173)
at org.testng.internal.MethodRunner.runInSequence(MethodRunner.java:46)
at org.testng.internal.TestInvoker$MethodInvocationAgent.invoke(TestInvoker.java:824)
at org.testng.internal.TestInvoker.invokeTestMethods(TestInvoker.java:146)
at org.testng.internal.TestMethodWorker.invokeTestMethods(TestMethodWorker.java:146)
at org.testng.internal.TestMethodWorker.run(TestMethodWorker.java:128)
at java.base/java.util.ArrayList.forEach(ArrayList.java:1511)
at org.testng.TestRunner.privateRun(TestRunner.java:794)
at org.testng.TestRunner.run(TestRunner.java:596)
at org.testng.SuiteRunner.runTest(SuiteRunner.java:377)
at org.testng.SuiteRunner.runSequentially(SuiteRunner.java:371)
at org.testng.SuiteRunner.privateRun(SuiteRunner.java:332)
at org.testng.SuiteRunner.run(SuiteRunner.java:276)
at org.testng.SuiteRunnerWorker.runSuite(SuiteRunnerWorker.java:53)
at org.testng.SuiteRunnerWorker.run(SuiteRunnerWorker.java:96)
at org.testng.TestNG.runSuitesSequentially(TestNG.java:1212)
at org.testng.TestNG.runSuitesLocally(TestNG.java:1134)
at org.testng.TestNG.runSuites(TestNG.java:1063)
at org.testng.TestNG.run(TestNG.java:1031)
at org.testng.remote.AbstractRemoteTestNG.run(AbstractRemoteTestNG.java:115)
at org.testng.remote.RemoteTestNG.initAndRun(RemoteTestNG.java:251)
at org.testng.remote.RemoteTestNG.main(RemoteTestNG.java:77)
]]>
            </full-stacktrace>
          </exception> <!-- org.openqa.selenium.NoSuchElementException -->
          <reporter-output>
          </reporter-output>
        </test-method> <!-- bank_act_validation -->
        <test-method is-config="true" signature="teardown()[pri:0, instance:test_suite.Bank_Account_Test@3ad394e6]" started-at="2022-04-04T11:40:58 IST" name="teardown" finished-at="2022-04-04T11:40:58 IST" duration-ms="84" status="PASS">
          <reporter-output>
          </reporter-output>
        </test-method> <!-- teardown -->
      </class> <!-- test_suite.Bank_Account_Test -->
      <class name="test_suite.Email_Id_Test">
        <test-method is-config="true" signature="setup()[pri:0, instance:test_suite.Email_Id_Test@27dc79f7]" started-at="2022-04-04T11:38:06 IST" name="setup" finished-at="2022-04-04T11:38:07 IST" duration-ms="1397" status="PASS">
          <reporter-output>
          </reporter-output>
        </test-method> <!-- setup -->
        <test-method signature="title_validation()[pri:1, instance:test_suite.Email_Id_Test@27dc79f7]" started-at="2022-04-04T11:38:07 IST" name="title_validation" finished-at="2022-04-04T11:38:07 IST" duration-ms="6" status="PASS">
          <reporter-output>
          </reporter-output>
        </test-method> <!-- title_validation -->
        <test-method signature="logo_validation()[pri:2, instance:test_suite.Email_Id_Test@27dc79f7]" started-at="2022-04-04T11:38:07 IST" name="logo_validation" finished-at="2022-04-04T11:38:07 IST" duration-ms="102" status="PASS">
          <reporter-output>
          </reporter-output>
        </test-method> <!-- logo_validation -->
        <test-method signature="t_c_validation()[pri:3, instance:test_suite.Email_Id_Test@27dc79f7]" started-at="2022-04-04T11:38:07 IST" name="t_c_validation" finished-at="2022-04-04T11:38:07 IST" duration-ms="128" status="PASS">
          <reporter-output>
          </reporter-output>
        </test-method> <!-- t_c_validation -->
        <test-method signature="term_checkbox()[pri:4, instance:test_suite.Email_Id_Test@27dc79f7]" started-at="2022-04-04T11:38:07 IST" name="term_checkbox" finished-at="2022-04-04T11:38:07 IST" duration-ms="59" status="PASS">
          <reporter-output>
          </reporter-output>
        </test-method> <!-- term_checkbox -->
        <test-method signature="review_confirm()[pri:5, instance:test_suite.Email_Id_Test@27dc79f7]" started-at="2022-04-04T11:38:07 IST" name="review_confirm" finished-at="2022-04-04T11:38:07 IST" duration-ms="79" status="PASS">
          <reporter-output>
          </reporter-output>
        </test-method> <!-- review_confirm -->
        <test-method signature="invitation_code()[pri:6, instance:test_suite.Email_Id_Test@27dc79f7]" started-at="2022-04-04T11:38:07 IST" name="invitation_code" finished-at="2022-04-04T11:38:08 IST" duration-ms="311" status="PASS">
          <reporter-output>
          </reporter-output>
        </test-method> <!-- invitation_code -->
        <test-method signature="subit_in_code()[pri:7, instance:test_suite.Email_Id_Test@27dc79f7]" started-at="2022-04-04T11:38:08 IST" name="subit_in_code" finished-at="2022-04-04T11:38:08 IST" duration-ms="115" status="PASS">
          <reporter-output>
          </reporter-output>
        </test-method> <!-- subit_in_code -->
        <test-method signature="org_details()[pri:8, instance:test_suite.Email_Id_Test@27dc79f7]" started-at="2022-04-04T11:38:08 IST" name="org_details" finished-at="2022-04-04T11:38:09 IST" duration-ms="1042" status="PASS">
          <reporter-output>
          </reporter-output>
        </test-method> <!-- org_details -->
        <test-method signature="per_pan_validation()[pri:9, instance:test_suite.Email_Id_Test@27dc79f7]" started-at="2022-04-04T11:38:09 IST" name="per_pan_validation" finished-at="2022-04-04T11:38:11 IST" duration-ms="2580" status="PASS">
          <reporter-output>
          </reporter-output>
        </test-method> <!-- per_pan_validation -->
        <test-method signature="mobile_verfy()[pri:10, instance:test_suite.Email_Id_Test@27dc79f7]" started-at="2022-04-04T11:38:11 IST" name="mobile_verfy" finished-at="2022-04-04T11:38:15 IST" duration-ms="3823" status="PASS">
          <reporter-output>
          </reporter-output>
        </test-method> <!-- mobile_verfy -->
        <test-method signature="email_vrf()[pri:11, instance:test_suite.Email_Id_Test@27dc79f7]" started-at="2022-04-04T11:38:15 IST" name="email_vrf" finished-at="2022-04-04T11:38:22 IST" duration-ms="6385" status="PASS">
          <reporter-output>
          </reporter-output>
        </test-method> <!-- email_vrf -->
        <test-method is-config="true" signature="teardown()[pri:0, instance:test_suite.Email_Id_Test@27dc79f7]" started-at="2022-04-04T11:38:22 IST" name="teardown" finished-at="2022-04-04T11:38:22 IST" duration-ms="74" status="PASS">
          <reporter-output>
          </reporter-output>
        </test-method> <!-- teardown -->
      </class> <!-- test_suite.Email_Id_Test -->
      <class name="test_suite.Data_driven_login_Test">
        <test-method signature="login_screen(java.lang.String,java.lang.String,java.lang.String)[pri:0, instance:test_suite.Data_driven_login_Test@3aaf4f07]" started-at="2022-04-04T11:38:44 IST" name="login_screen" data-provider="credentails" finished-at="2022-04-04T11:38:48 IST" duration-ms="3873" status="PASS">
          <params>
            <param index="0">
              <value>
                <![CDATA[both_correct]]>
              </value>
            </param>
            <param index="1">
              <value>
                <![CDATA[sit@seller60]]>
              </value>
            </param>
            <param index="2">
              <value>
                <![CDATA[Ril@1234]]>
              </value>
            </param>
          </params>
          <reporter-output>
          </reporter-output>
        </test-method> <!-- login_screen -->
        <test-method signature="login_screen(java.lang.String,java.lang.String,java.lang.String)[pri:0, instance:test_suite.Data_driven_login_Test@3aaf4f07]" started-at="2022-04-04T11:38:48 IST" name="login_screen" data-provider="credentails" finished-at="2022-04-04T11:38:52 IST" duration-ms="3367" status="PASS">
          <params>
            <param index="0">
              <value>
                <![CDATA[both_wrong]]>
              </value>
            </param>
            <param index="1">
              <value>
                <![CDATA[automatedseller]]>
              </value>
            </param>
            <param index="2">
              <value>
                <![CDATA[pu@tu]]>
              </value>
            </param>
          </params>
          <reporter-output>
          </reporter-output>
        </test-method> <!-- login_screen -->
        <test-method signature="login_screen(java.lang.String,java.lang.String,java.lang.String)[pri:0, instance:test_suite.Data_driven_login_Test@3aaf4f07]" started-at="2022-04-04T11:38:52 IST" name="login_screen" data-provider="credentails" finished-at="2022-04-04T11:38:56 IST" duration-ms="4133" status="PASS">
          <params>
            <param index="0">
              <value>
                <![CDATA[correct_username]]>
              </value>
            </param>
            <param index="1">
              <value>
                <![CDATA[seller1]]>
              </value>
            </param>
            <param index="2">
              <value>
                <![CDATA[Pruthvi@1234]]>
              </value>
            </param>
          </params>
          <reporter-output>
          </reporter-output>
        </test-method> <!-- login_screen -->
        <test-method signature="login_screen(java.lang.String,java.lang.String,java.lang.String)[pri:0, instance:test_suite.Data_driven_login_Test@3aaf4f07]" started-at="2022-04-04T11:38:56 IST" name="login_screen" data-provider="credentails" finished-at="2022-04-04T11:38:59 IST" duration-ms="3276" status="PASS">
          <params>
            <param index="0">
              <value>
                <![CDATA[correct_password]]>
              </value>
            </param>
            <param index="1">
              <value>
                <![CDATA[sellernon]]>
              </value>
            </param>
            <param index="2">
              <value>
                <![CDATA[Ril@1234]]>
              </value>
            </param>
          </params>
          <reporter-output>
          </reporter-output>
        </test-method> <!-- login_screen -->
      </class> <!-- test_suite.Data_driven_login_Test -->
      <class name="test_suite.Terms_Condition_Test">
        <test-method is-config="true" signature="setup()[pri:0, instance:test_suite.Terms_Condition_Test@12f3afb5]" started-at="2022-04-04T11:37:36 IST" name="setup" finished-at="2022-04-04T11:37:38 IST" duration-ms="1523" status="PASS">
          <reporter-output>
          </reporter-output>
        </test-method> <!-- setup -->
        <test-method signature="title_validation()[pri:1, instance:test_suite.Terms_Condition_Test@12f3afb5]" started-at="2022-04-04T11:37:38 IST" name="title_validation" finished-at="2022-04-04T11:37:38 IST" duration-ms="11" status="PASS">
          <reporter-output>
          </reporter-output>
        </test-method> <!-- title_validation -->
        <test-method signature="logo_validation()[pri:2, instance:test_suite.Terms_Condition_Test@12f3afb5]" started-at="2022-04-04T11:37:38 IST" name="logo_validation" finished-at="2022-04-04T11:37:38 IST" duration-ms="45" status="PASS">
          <reporter-output>
          </reporter-output>
        </test-method> <!-- logo_validation -->
        <test-method signature="t_c_validation()[pri:3, instance:test_suite.Terms_Condition_Test@12f3afb5]" started-at="2022-04-04T11:37:38 IST" name="t_c_validation" finished-at="2022-04-04T11:37:40 IST" duration-ms="2359" status="PASS">
          <reporter-output>
          </reporter-output>
        </test-method> <!-- t_c_validation -->
        <test-method signature="term_checkbox()[pri:4, instance:test_suite.Terms_Condition_Test@12f3afb5]" started-at="2022-04-04T11:37:40 IST" name="term_checkbox" finished-at="2022-04-04T11:37:40 IST" duration-ms="27" status="PASS">
          <reporter-output>
          </reporter-output>
        </test-method> <!-- term_checkbox -->
        <test-method is-config="true" signature="teardown()[pri:0, instance:test_suite.Terms_Condition_Test@12f3afb5]" started-at="2022-04-04T11:37:40 IST" name="teardown" finished-at="2022-04-04T11:37:40 IST" duration-ms="131" status="PASS">
          <reporter-output>
          </reporter-output>
        </test-method> <!-- teardown -->
      </class> <!-- test_suite.Terms_Condition_Test -->
      <class name="test_suite.Landing_Page_Test">
        <test-method is-config="true" signature="setup()[pri:0, instance:test_suite.Landing_Page_Test@1dfd5f51]" started-at="2022-04-04T11:37:32 IST" name="setup" finished-at="2022-04-04T11:37:34 IST" duration-ms="2207" status="PASS">
          <reporter-output>
          </reporter-output>
        </test-method> <!-- setup -->
        <test-method signature="title_validation()[pri:1, instance:test_suite.Landing_Page_Test@1dfd5f51]" started-at="2022-04-04T11:37:34 IST" name="title_validation" finished-at="2022-04-04T11:37:34 IST" duration-ms="26" status="PASS">
          <reporter-output>
          </reporter-output>
        </test-method> <!-- title_validation -->
        <test-method signature="logo_validation()[pri:2, instance:test_suite.Landing_Page_Test@1dfd5f51]" started-at="2022-04-04T11:37:34 IST" name="logo_validation" finished-at="2022-04-04T11:37:36 IST" duration-ms="2284" status="PASS">
          <reporter-output>
          </reporter-output>
        </test-method> <!-- logo_validation -->
        <test-method is-config="true" signature="teardown()[pri:0, instance:test_suite.Landing_Page_Test@1dfd5f51]" started-at="2022-04-04T11:37:36 IST" name="teardown" finished-at="2022-04-04T11:37:36 IST" duration-ms="77" status="PASS">
          <reporter-output>
          </reporter-output>
        </test-method> <!-- teardown -->
      </class> <!-- test_suite.Landing_Page_Test -->
      <class name="test_suite.Org_Details_Test">
        <test-method is-config="true" signature="setup()[pri:0, instance:test_suite.Org_Details_Test@74d7184a]" started-at="2022-04-04T11:37:45 IST" name="setup" finished-at="2022-04-04T11:37:46 IST" duration-ms="1532" status="PASS">
          <reporter-output>
          </reporter-output>
        </test-method> <!-- setup -->
        <test-method signature="title_validation()[pri:1, instance:test_suite.Org_Details_Test@74d7184a]" started-at="2022-04-04T11:37:46 IST" name="title_validation" finished-at="2022-04-04T11:37:46 IST" duration-ms="23" status="PASS">
          <reporter-output>
          </reporter-output>
        </test-method> <!-- title_validation -->
        <test-method signature="logo_validation()[pri:2, instance:test_suite.Org_Details_Test@74d7184a]" started-at="2022-04-04T11:37:46 IST" name="logo_validation" finished-at="2022-04-04T11:37:46 IST" duration-ms="59" status="PASS">
          <reporter-output>
          </reporter-output>
        </test-method> <!-- logo_validation -->
        <test-method signature="t_c_validation()[pri:3, instance:test_suite.Org_Details_Test@74d7184a]" started-at="2022-04-04T11:37:46 IST" name="t_c_validation" finished-at="2022-04-04T11:37:47 IST" duration-ms="124" status="PASS">
          <reporter-output>
          </reporter-output>
        </test-method> <!-- t_c_validation -->
        <test-method signature="term_checkbox()[pri:4, instance:test_suite.Org_Details_Test@74d7184a]" started-at="2022-04-04T11:37:47 IST" name="term_checkbox" finished-at="2022-04-04T11:37:47 IST" duration-ms="56" status="PASS">
          <reporter-output>
          </reporter-output>
        </test-method> <!-- term_checkbox -->
        <test-method signature="review_confirm()[pri:5, instance:test_suite.Org_Details_Test@74d7184a]" started-at="2022-04-04T11:37:47 IST" name="review_confirm" finished-at="2022-04-04T11:37:47 IST" duration-ms="68" status="PASS">
          <reporter-output>
          </reporter-output>
        </test-method> <!-- review_confirm -->
        <test-method signature="invitation_code()[pri:6, instance:test_suite.Org_Details_Test@74d7184a]" started-at="2022-04-04T11:37:47 IST" name="invitation_code" finished-at="2022-04-04T11:37:47 IST" duration-ms="293" status="PASS">
          <reporter-output>
          </reporter-output>
        </test-method> <!-- invitation_code -->
        <test-method signature="subit_in_code()[pri:7, instance:test_suite.Org_Details_Test@74d7184a]" started-at="2022-04-04T11:37:47 IST" name="subit_in_code" finished-at="2022-04-04T11:37:47 IST" duration-ms="130" status="PASS">
          <reporter-output>
          </reporter-output>
        </test-method> <!-- subit_in_code -->
        <test-method signature="org_details()[pri:8, instance:test_suite.Org_Details_Test@74d7184a]" started-at="2022-04-04T11:37:47 IST" name="org_details" finished-at="2022-04-04T11:37:50 IST" duration-ms="3243" status="PASS">
          <reporter-output>
          </reporter-output>
        </test-method> <!-- org_details -->
        <test-method is-config="true" signature="teardown()[pri:0, instance:test_suite.Org_Details_Test@74d7184a]" started-at="2022-04-04T11:37:50 IST" name="teardown" finished-at="2022-04-04T11:37:50 IST" duration-ms="75" status="PASS">
          <reporter-output>
          </reporter-output>
        </test-method> <!-- teardown -->
      </class> <!-- test_suite.Org_Details_Test -->
      <class name="test_suite.Business_Pan_Test">
        <test-method is-config="true" signature="setup()[pri:0, instance:test_suite.Business_Pan_Test@5cbf9e9f]" started-at="2022-04-04T11:38:59 IST" name="setup" finished-at="2022-04-04T11:39:01 IST" duration-ms="1468" status="PASS">
          <reporter-output>
          </reporter-output>
        </test-method> <!-- setup -->
        <test-method signature="log_in_seller()[pri:1, instance:test_suite.Business_Pan_Test@5cbf9e9f]" started-at="2022-04-04T11:39:01 IST" name="log_in_seller" finished-at="2022-04-04T11:39:04 IST" duration-ms="3871" status="PASS">
          <reporter-output>
          </reporter-output>
        </test-method> <!-- log_in_seller -->
        <test-method signature="bus_pan_validation()[pri:2, instance:test_suite.Business_Pan_Test@5cbf9e9f]" started-at="2022-04-04T11:39:04 IST" name="bus_pan_validation" finished-at="2022-04-04T11:39:10 IST" duration-ms="5474" status="PASS">
          <reporter-output>
          </reporter-output>
        </test-method> <!-- bus_pan_validation -->
        <test-method is-config="true" signature="teardown()[pri:0, instance:test_suite.Business_Pan_Test@5cbf9e9f]" started-at="2022-04-04T11:39:10 IST" name="teardown" finished-at="2022-04-04T11:39:10 IST" duration-ms="72" status="PASS">
          <reporter-output>
          </reporter-output>
        </test-method> <!-- teardown -->
      </class> <!-- test_suite.Business_Pan_Test -->
      <class name="test_suite.Company_Details_Test">
        <test-method is-config="true" signature="setup()[pri:0, instance:test_suite.Company_Details_Test@5a2f016d]" started-at="2022-04-04T11:39:22 IST" name="setup" finished-at="2022-04-04T11:39:23 IST" duration-ms="1542" status="PASS">
          <reporter-output>
          </reporter-output>
        </test-method> <!-- setup -->
        <test-method signature="log_in_seller()[pri:1, instance:test_suite.Company_Details_Test@5a2f016d]" started-at="2022-04-04T11:39:23 IST" name="log_in_seller" finished-at="2022-04-04T11:39:27 IST" duration-ms="3306" status="PASS">
          <reporter-output>
          </reporter-output>
        </test-method> <!-- log_in_seller -->
        <test-method signature="company_details_validation()[pri:2, instance:test_suite.Company_Details_Test@5a2f016d]" started-at="2022-04-04T11:39:27 IST" name="company_details_validation" finished-at="2022-04-04T11:39:31 IST" duration-ms="4699" status="PASS">
          <reporter-output>
          </reporter-output>
        </test-method> <!-- company_details_validation -->
        <test-method is-config="true" signature="teardown()[pri:0, instance:test_suite.Company_Details_Test@5a2f016d]" started-at="2022-04-04T11:39:31 IST" name="teardown" finished-at="2022-04-04T11:39:31 IST" duration-ms="85" status="PASS">
          <reporter-output>
          </reporter-output>
        </test-method> <!-- teardown -->
      </class> <!-- test_suite.Company_Details_Test -->
      <class name="test_suite.User_Credentials_Test">
        <test-method is-config="true" signature="setup()[pri:0, instance:test_suite.User_Credentials_Test@6b85300e]" started-at="2022-04-04T11:38:22 IST" name="setup" finished-at="2022-04-04T11:38:23 IST" duration-ms="1484" status="PASS">
          <reporter-output>
          </reporter-output>
        </test-method> <!-- setup -->
        <test-method signature="title_validation()[pri:1, instance:test_suite.User_Credentials_Test@6b85300e]" started-at="2022-04-04T11:38:23 IST" name="title_validation" finished-at="2022-04-04T11:38:23 IST" duration-ms="16" status="PASS">
          <reporter-output>
          </reporter-output>
        </test-method> <!-- title_validation -->
        <test-method signature="logo_validation()[pri:2, instance:test_suite.User_Credentials_Test@6b85300e]" started-at="2022-04-04T11:38:23 IST" name="logo_validation" finished-at="2022-04-04T11:38:23 IST" duration-ms="100" status="PASS">
          <reporter-output>
          </reporter-output>
        </test-method> <!-- logo_validation -->
        <test-method signature="t_c_validation()[pri:3, instance:test_suite.User_Credentials_Test@6b85300e]" started-at="2022-04-04T11:38:23 IST" name="t_c_validation" finished-at="2022-04-04T11:38:23 IST" duration-ms="113" status="PASS">
          <reporter-output>
          </reporter-output>
        </test-method> <!-- t_c_validation -->
        <test-method signature="term_checkbox()[pri:4, instance:test_suite.User_Credentials_Test@6b85300e]" started-at="2022-04-04T11:38:23 IST" name="term_checkbox" finished-at="2022-04-04T11:38:24 IST" duration-ms="81" status="PASS">
          <reporter-output>
          </reporter-output>
        </test-method> <!-- term_checkbox -->
        <test-method signature="review_confirm()[pri:5, instance:test_suite.User_Credentials_Test@6b85300e]" started-at="2022-04-04T11:38:24 IST" name="review_confirm" finished-at="2022-04-04T11:38:24 IST" duration-ms="95" status="PASS">
          <reporter-output>
          </reporter-output>
        </test-method> <!-- review_confirm -->
        <test-method signature="invitation_code()[pri:6, instance:test_suite.User_Credentials_Test@6b85300e]" started-at="2022-04-04T11:38:24 IST" name="invitation_code" finished-at="2022-04-04T11:38:24 IST" duration-ms="262" status="PASS">
          <reporter-output>
          </reporter-output>
        </test-method> <!-- invitation_code -->
        <test-method signature="subit_in_code()[pri:7, instance:test_suite.User_Credentials_Test@6b85300e]" started-at="2022-04-04T11:38:24 IST" name="subit_in_code" finished-at="2022-04-04T11:38:24 IST" duration-ms="121" status="PASS">
          <reporter-output>
          </reporter-output>
        </test-method> <!-- subit_in_code -->
        <test-method signature="org_details()[pri:8, instance:test_suite.User_Credentials_Test@6b85300e]" started-at="2022-04-04T11:38:24 IST" name="org_details" finished-at="2022-04-04T11:38:25 IST" duration-ms="995" status="PASS">
          <reporter-output>
          </reporter-output>
        </test-method> <!-- org_details -->
        <test-method signature="per_pan_validation()[pri:9, instance:test_suite.User_Credentials_Test@6b85300e]" started-at="2022-04-04T11:38:25 IST" name="per_pan_validation" finished-at="2022-04-04T11:38:28 IST" duration-ms="2485" status="PASS">
          <reporter-output>
          </reporter-output>
        </test-method> <!-- per_pan_validation -->
        <test-method signature="mobile_verfy()[pri:10, instance:test_suite.User_Credentials_Test@6b85300e]" started-at="2022-04-04T11:38:28 IST" name="mobile_verfy" finished-at="2022-04-04T11:38:31 IST" duration-ms="3836" status="PASS">
          <reporter-output>
          </reporter-output>
        </test-method> <!-- mobile_verfy -->
        <test-method signature="email_vrf()[pri:11, instance:test_suite.User_Credentials_Test@6b85300e]" started-at="2022-04-04T11:38:31 IST" name="email_vrf" finished-at="2022-04-04T11:38:38 IST" duration-ms="6394" status="PASS">
          <reporter-output>
          </reporter-output>
        </test-method> <!-- email_vrf -->
        <test-method signature="seller_cred()[pri:12, instance:test_suite.User_Credentials_Test@6b85300e]" started-at="2022-04-04T11:38:38 IST" name="seller_cred" finished-at="2022-04-04T11:38:44 IST" duration-ms="6552" status="PASS">
          <reporter-output>
          </reporter-output>
        </test-method> <!-- seller_cred -->
        <test-method is-config="true" signature="teardown()[pri:0, instance:test_suite.User_Credentials_Test@6b85300e]" started-at="2022-04-04T11:38:44 IST" name="teardown" finished-at="2022-04-04T11:38:44 IST" duration-ms="115" status="PASS">
          <reporter-output>
          </reporter-output>
        </test-method> <!-- teardown -->
      </class> <!-- test_suite.User_Credentials_Test -->
      <class name="test_suite.Documents_Test">
        <test-method is-config="true" signature="setup()[pri:0, instance:test_suite.Documents_Test@1deb2c43]" started-at="2022-04-04T11:41:24 IST" name="setup" finished-at="2022-04-04T11:41:25 IST" duration-ms="1423" status="PASS">
          <reporter-output>
          </reporter-output>
        </test-method> <!-- setup -->
        <test-method signature="log_in_seller()[pri:1, instance:test_suite.Documents_Test@1deb2c43]" started-at="2022-04-04T11:41:25 IST" name="log_in_seller" finished-at="2022-04-04T11:41:28 IST" duration-ms="3229" status="PASS">
          <reporter-output>
          </reporter-output>
        </test-method> <!-- log_in_seller -->
        <test-method signature="doc_validate1()[pri:2, instance:test_suite.Documents_Test@1deb2c43]" started-at="2022-04-04T11:41:28 IST" name="doc_validate1" finished-at="2022-04-04T11:43:06 IST" duration-ms="97031" status="FAIL">
          <exception class="org.openqa.selenium.NoSuchElementException">
            <message>
              <![CDATA[no such element: Unable to locate element: {"method":"css selector","selector":"#bd > div > div > div > seller-profile-component > div.sellerprofile.col-md-12.ng-scope > div.panel-wrapper.ng-scope > h2 > span > span > span > button"}
  (Session info: chrome=98.0.4758.80)
For documentation on this error, please visit: https://www.seleniumhq.org/exceptions/no_such_element.html
Build info: version: '3.141.59', revision: 'e82be7d358', time: '2018-11-14T08:17:03'
System info: host: 'pruthviraj', ip: '10.20.10.145', os.name: 'Linux', os.arch: 'amd64', os.version: '5.14.0-1031-oem', java.version: '15.0.2'
Driver info: org.openqa.selenium.chrome.ChromeDriver
Capabilities {acceptInsecureCerts: false, browserName: chrome, browserVersion: 98.0.4758.80, chrome: {chromedriverVersion: 98.0.4758.80 (7f0488e8ba0d8..., userDataDir: /tmp/.com.google.Chrome.ILqIey}, goog:chromeOptions: {debuggerAddress: localhost:46065}, javascriptEnabled: true, networkConnectionEnabled: false, pageLoadStrategy: normal, platform: LINUX, platformName: LINUX, proxy: Proxy(), setWindowRect: true, strictFileInteractability: false, timeouts: {implicit: 0, pageLoad: 300000, script: 30000}, unhandledPromptBehavior: dismiss and notify, webauthn:extension:credBlob: true, webauthn:extension:largeBlob: true, webauthn:virtualAuthenticators: true}
Session ID: f47482ca310af60ecc6d8ae70c857462
*** Element info: {Using=css selector, value=#bd > div > div > div > seller-profile-component > div.sellerprofile.col-md-12.ng-scope > div.panel-wrapper.ng-scope > h2 > span > span > span > button}]]>
            </message>
            <full-stacktrace>
              <![CDATA[org.openqa.selenium.NoSuchElementException: no such element: Unable to locate element: {"method":"css selector","selector":"#bd > div > div > div > seller-profile-component > div.sellerprofile.col-md-12.ng-scope > div.panel-wrapper.ng-scope > h2 > span > span > span > button"}
  (Session info: chrome=98.0.4758.80)
For documentation on this error, please visit: https://www.seleniumhq.org/exceptions/no_such_element.html
Build info: version: '3.141.59', revision: 'e82be7d358', time: '2018-11-14T08:17:03'
System info: host: 'pruthviraj', ip: '10.20.10.145', os.name: 'Linux', os.arch: 'amd64', os.version: '5.14.0-1031-oem', java.version: '15.0.2'
Driver info: org.openqa.selenium.chrome.ChromeDriver
Capabilities {acceptInsecureCerts: false, browserName: chrome, browserVersion: 98.0.4758.80, chrome: {chromedriverVersion: 98.0.4758.80 (7f0488e8ba0d8..., userDataDir: /tmp/.com.google.Chrome.ILqIey}, goog:chromeOptions: {debuggerAddress: localhost:46065}, javascriptEnabled: true, networkConnectionEnabled: false, pageLoadStrategy: normal, platform: LINUX, platformName: LINUX, proxy: Proxy(), setWindowRect: true, strictFileInteractability: false, timeouts: {implicit: 0, pageLoad: 300000, script: 30000}, unhandledPromptBehavior: dismiss and notify, webauthn:extension:credBlob: true, webauthn:extension:largeBlob: true, webauthn:virtualAuthenticators: true}
Session ID: f47482ca310af60ecc6d8ae70c857462
*** Element info: {Using=css selector, value=#bd > div > div > div > seller-profile-component > div.sellerprofile.col-md-12.ng-scope > div.panel-wrapper.ng-scope > h2 > span > span > span > button}
at java.base/jdk.internal.reflect.NativeConstructorAccessorImpl.newInstance0(Native Method)
at java.base/jdk.internal.reflect.NativeConstructorAccessorImpl.newInstance(NativeConstructorAccessorImpl.java:64)
at java.base/jdk.internal.reflect.DelegatingConstructorAccessorImpl.newInstance(DelegatingConstructorAccessorImpl.java:45)
at java.base/java.lang.reflect.Constructor.newInstanceWithCaller(Constructor.java:500)
at java.base/java.lang.reflect.Constructor.newInstance(Constructor.java:481)
at org.openqa.selenium.remote.http.W3CHttpResponseCodec.createException(W3CHttpResponseCodec.java:187)
at org.openqa.selenium.remote.http.W3CHttpResponseCodec.decode(W3CHttpResponseCodec.java:122)
at org.openqa.selenium.remote.http.W3CHttpResponseCodec.decode(W3CHttpResponseCodec.java:49)
at org.openqa.selenium.remote.HttpCommandExecutor.execute(HttpCommandExecutor.java:158)
at org.openqa.selenium.remote.service.DriverCommandExecutor.execute(DriverCommandExecutor.java:83)
at org.openqa.selenium.remote.RemoteWebDriver.execute(RemoteWebDriver.java:552)
at org.openqa.selenium.remote.RemoteWebDriver.findElement(RemoteWebDriver.java:323)
at org.openqa.selenium.remote.RemoteWebDriver.findElementByCssSelector(RemoteWebDriver.java:420)
at org.openqa.selenium.By$ByCssSelector.findElement(By.java:431)
at org.openqa.selenium.remote.RemoteWebDriver.findElement(RemoteWebDriver.java:315)
at page_objects.Documents_page.get_request_for_approval_btn(Documents_page.java:70)
at testcase_methods.Documents_.doc_validate(Documents_.java:290)
at test_suite.Documents_Test.doc_validate1(Documents_Test.java:22)
at java.base/jdk.internal.reflect.NativeMethodAccessorImpl.invoke0(Native Method)
at java.base/jdk.internal.reflect.NativeMethodAccessorImpl.invoke(NativeMethodAccessorImpl.java:64)
at java.base/jdk.internal.reflect.DelegatingMethodAccessorImpl.invoke(DelegatingMethodAccessorImpl.java:43)
at java.base/java.lang.reflect.Method.invoke(Method.java:564)
at org.testng.internal.MethodInvocationHelper.invokeMethod(MethodInvocationHelper.java:133)
at org.testng.internal.TestInvoker.invokeMethod(TestInvoker.java:598)
at org.testng.internal.TestInvoker.invokeTestMethod(TestInvoker.java:173)
at org.testng.internal.MethodRunner.runInSequence(MethodRunner.java:46)
at org.testng.internal.TestInvoker$MethodInvocationAgent.invoke(TestInvoker.java:824)
at org.testng.internal.TestInvoker.invokeTestMethods(TestInvoker.java:146)
at org.testng.internal.TestMethodWorker.invokeTestMethods(TestMethodWorker.java:146)
at org.testng.internal.TestMethodWorker.run(TestMethodWorker.java:128)
at java.base/java.util.ArrayList.forEach(ArrayList.java:1511)
at org.testng.TestRunner.privateRun(TestRunner.java:794)
at org.testng.TestRunner.run(TestRunner.java:596)
at org.testng.SuiteRunner.runTest(SuiteRunner.java:377)
at org.testng.SuiteRunner.runSequentially(SuiteRunner.java:371)
at org.testng.SuiteRunner.privateRun(SuiteRunner.java:332)
at org.testng.SuiteRunner.run(SuiteRunner.java:276)
at org.testng.SuiteRunnerWorker.runSuite(SuiteRunnerWorker.java:53)
at org.testng.SuiteRunnerWorker.run(SuiteRunnerWorker.java:96)
at org.testng.TestNG.runSuitesSequentially(TestNG.java:1212)
at org.testng.TestNG.runSuitesLocally(TestNG.java:1134)
at org.testng.TestNG.runSuites(TestNG.java:1063)
at org.testng.TestNG.run(TestNG.java:1031)
at org.testng.remote.AbstractRemoteTestNG.run(AbstractRemoteTestNG.java:115)
at org.testng.remote.RemoteTestNG.initAndRun(RemoteTestNG.java:251)
at org.testng.remote.RemoteTestNG.main(RemoteTestNG.java:77)
]]>
            </full-stacktrace>
          </exception> <!-- org.openqa.selenium.NoSuchElementException -->
          <reporter-output>
          </reporter-output>
        </test-method> <!-- doc_validate1 -->
        <test-method is-config="true" signature="teardown()[pri:0, instance:test_suite.Documents_Test@1deb2c43]" started-at="2022-04-04T11:43:06 IST" name="teardown" finished-at="2022-04-04T11:43:06 IST" duration-ms="176" status="PASS">
          <reporter-output>
          </reporter-output>
        </test-method> <!-- teardown -->
      </class> <!-- test_suite.Documents_Test -->
      <class name="test_suite.My_Catagories_Test">
        <test-method is-config="true" signature="setup()[pri:0, instance:test_suite.My_Catagories_Test@6058e535]" started-at="2022-04-04T11:40:58 IST" name="setup" finished-at="2022-04-04T11:40:59 IST" duration-ms="1474" status="PASS">
          <reporter-output>
          </reporter-output>
        </test-method> <!-- setup -->
        <test-method signature="log_in_seller()[pri:1, instance:test_suite.My_Catagories_Test@6058e535]" started-at="2022-04-04T11:40:59 IST" name="log_in_seller" finished-at="2022-04-04T11:41:03 IST" duration-ms="3147" status="PASS">
          <reporter-output>
          </reporter-output>
        </test-method> <!-- log_in_seller -->
        <test-method signature="my_catagory_validation()[pri:2, instance:test_suite.My_Catagories_Test@6058e535]" started-at="2022-04-04T11:41:03 IST" name="my_catagory_validation" finished-at="2022-04-04T11:41:08 IST" duration-ms="5695" status="PASS">
          <reporter-output>
          </reporter-output>
        </test-method> <!-- my_catagory_validation -->
        <test-method is-config="true" signature="teardown()[pri:0, instance:test_suite.My_Catagories_Test@6058e535]" started-at="2022-04-04T11:41:08 IST" name="teardown" finished-at="2022-04-04T11:41:08 IST" duration-ms="67" status="PASS">
          <reporter-output>
          </reporter-output>
        </test-method> <!-- teardown -->
      </class> <!-- test_suite.My_Catagories_Test -->
      <class name="test_suite.Personal_Pan_Test">
        <test-method is-config="true" signature="setup()[pri:0, instance:test_suite.Personal_Pan_Test@51b01960]" started-at="2022-04-04T11:37:50 IST" name="setup" finished-at="2022-04-04T11:37:52 IST" duration-ms="1453" status="PASS">
          <reporter-output>
          </reporter-output>
        </test-method> <!-- setup -->
        <test-method signature="title_validation()[pri:1, instance:test_suite.Personal_Pan_Test@51b01960]" started-at="2022-04-04T11:37:52 IST" name="title_validation" finished-at="2022-04-04T11:37:52 IST" duration-ms="16" status="PASS">
          <reporter-output>
          </reporter-output>
        </test-method> <!-- title_validation -->
        <test-method signature="logo_validation()[pri:2, instance:test_suite.Personal_Pan_Test@51b01960]" started-at="2022-04-04T11:37:52 IST" name="logo_validation" finished-at="2022-04-04T11:37:52 IST" duration-ms="60" status="PASS">
          <reporter-output>
          </reporter-output>
        </test-method> <!-- logo_validation -->
        <test-method signature="t_c_validation()[pri:3, instance:test_suite.Personal_Pan_Test@51b01960]" started-at="2022-04-04T11:37:52 IST" name="t_c_validation" finished-at="2022-04-04T11:37:52 IST" duration-ms="99" status="PASS">
          <reporter-output>
          </reporter-output>
        </test-method> <!-- t_c_validation -->
        <test-method signature="term_checkbox()[pri:4, instance:test_suite.Personal_Pan_Test@51b01960]" started-at="2022-04-04T11:37:52 IST" name="term_checkbox" finished-at="2022-04-04T11:37:52 IST" duration-ms="114" status="PASS">
          <reporter-output>
          </reporter-output>
        </test-method> <!-- term_checkbox -->
        <test-method signature="review_confirm()[pri:5, instance:test_suite.Personal_Pan_Test@51b01960]" started-at="2022-04-04T11:37:52 IST" name="review_confirm" finished-at="2022-04-04T11:37:52 IST" duration-ms="79" status="PASS">
          <reporter-output>
          </reporter-output>
        </test-method> <!-- review_confirm -->
        <test-method signature="invitation_code()[pri:6, instance:test_suite.Personal_Pan_Test@51b01960]" started-at="2022-04-04T11:37:52 IST" name="invitation_code" finished-at="2022-04-04T11:37:53 IST" duration-ms="295" status="PASS">
          <reporter-output>
          </reporter-output>
        </test-method> <!-- invitation_code -->
        <test-method signature="subit_in_code()[pri:7, instance:test_suite.Personal_Pan_Test@51b01960]" started-at="2022-04-04T11:37:53 IST" name="subit_in_code" finished-at="2022-04-04T11:37:53 IST" duration-ms="116" status="PASS">
          <reporter-output>
          </reporter-output>
        </test-method> <!-- subit_in_code -->
        <test-method signature="org_details()[pri:8, instance:test_suite.Personal_Pan_Test@51b01960]" started-at="2022-04-04T11:37:53 IST" name="org_details" finished-at="2022-04-04T11:37:54 IST" duration-ms="911" status="PASS">
          <reporter-output>
          </reporter-output>
        </test-method> <!-- org_details -->
        <test-method signature="per_pan_validation()[pri:9, instance:test_suite.Personal_Pan_Test@51b01960]" started-at="2022-04-04T11:37:54 IST" name="per_pan_validation" finished-at="2022-04-04T11:37:56 IST" duration-ms="2453" status="PASS">
          <reporter-output>
          </reporter-output>
        </test-method> <!-- per_pan_validation -->
        <test-method is-config="true" signature="teardown()[pri:0, instance:test_suite.Personal_Pan_Test@51b01960]" started-at="2022-04-04T11:37:56 IST" name="teardown" finished-at="2022-04-04T11:37:56 IST" duration-ms="69" status="PASS">
          <reporter-output>
          </reporter-output>
        </test-method> <!-- teardown -->
      </class> <!-- test_suite.Personal_Pan_Test -->
      <class name="test_suite.Cin_Validate_Test">
        <test-method is-config="true" signature="setup()[pri:0, instance:test_suite.Cin_Validate_Test@18e8473e]" started-at="2022-04-04T11:39:10 IST" name="setup" finished-at="2022-04-04T11:39:11 IST" duration-ms="1427" status="PASS">
          <reporter-output>
          </reporter-output>
        </test-method> <!-- setup -->
        <test-method signature="log_in_seller()[pri:1, instance:test_suite.Cin_Validate_Test@18e8473e]" started-at="2022-04-04T11:39:11 IST" name="log_in_seller" finished-at="2022-04-04T11:39:15 IST" duration-ms="3747" status="PASS">
          <reporter-output>
          </reporter-output>
        </test-method> <!-- log_in_seller -->
        <test-method signature="Cin_no_valid()[pri:2, instance:test_suite.Cin_Validate_Test@18e8473e]" started-at="2022-04-04T11:39:15 IST" name="Cin_no_valid" finished-at="2022-04-04T11:39:22 IST" duration-ms="6501" status="PASS">
          <reporter-output>
          </reporter-output>
        </test-method> <!-- Cin_no_valid -->
        <test-method is-config="true" signature="teardown()[pri:0, instance:test_suite.Cin_Validate_Test@18e8473e]" started-at="2022-04-04T11:39:22 IST" name="teardown" finished-at="2022-04-04T11:39:22 IST" duration-ms="68" status="PASS">
          <reporter-output>
          </reporter-output>
        </test-method> <!-- teardown -->
      </class> <!-- test_suite.Cin_Validate_Test -->
      <class name="test_suite.Mobile_Num_Test">
        <test-method is-config="true" signature="setup()[pri:0, instance:test_suite.Mobile_Num_Test@6831d8fd]" started-at="2022-04-04T11:37:56 IST" name="setup" finished-at="2022-04-04T11:37:58 IST" duration-ms="1430" status="PASS">
          <reporter-output>
          </reporter-output>
        </test-method> <!-- setup -->
        <test-method signature="title_validation()[pri:1, instance:test_suite.Mobile_Num_Test@6831d8fd]" started-at="2022-04-04T11:37:58 IST" name="title_validation" finished-at="2022-04-04T11:37:58 IST" duration-ms="16" status="PASS">
          <reporter-output>
          </reporter-output>
        </test-method> <!-- title_validation -->
        <test-method signature="logo_validation()[pri:2, instance:test_suite.Mobile_Num_Test@6831d8fd]" started-at="2022-04-04T11:37:58 IST" name="logo_validation" finished-at="2022-04-04T11:37:58 IST" duration-ms="59" status="PASS">
          <reporter-output>
          </reporter-output>
        </test-method> <!-- logo_validation -->
        <test-method signature="t_c_validation()[pri:3, instance:test_suite.Mobile_Num_Test@6831d8fd]" started-at="2022-04-04T11:37:58 IST" name="t_c_validation" finished-at="2022-04-04T11:37:58 IST" duration-ms="106" status="PASS">
          <reporter-output>
          </reporter-output>
        </test-method> <!-- t_c_validation -->
        <test-method signature="term_checkbox()[pri:4, instance:test_suite.Mobile_Num_Test@6831d8fd]" started-at="2022-04-04T11:37:58 IST" name="term_checkbox" finished-at="2022-04-04T11:37:58 IST" duration-ms="90" status="PASS">
          <reporter-output>
          </reporter-output>
        </test-method> <!-- term_checkbox -->
        <test-method signature="review_confirm()[pri:5, instance:test_suite.Mobile_Num_Test@6831d8fd]" started-at="2022-04-04T11:37:58 IST" name="review_confirm" finished-at="2022-04-04T11:37:58 IST" duration-ms="110" status="PASS">
          <reporter-output>
          </reporter-output>
        </test-method> <!-- review_confirm -->
        <test-method signature="invitation_code()[pri:6, instance:test_suite.Mobile_Num_Test@6831d8fd]" started-at="2022-04-04T11:37:58 IST" name="invitation_code" finished-at="2022-04-04T11:37:58 IST" duration-ms="255" status="PASS">
          <reporter-output>
          </reporter-output>
        </test-method> <!-- invitation_code -->
        <test-method signature="subit_in_code()[pri:7, instance:test_suite.Mobile_Num_Test@6831d8fd]" started-at="2022-04-04T11:37:58 IST" name="subit_in_code" finished-at="2022-04-04T11:37:58 IST" duration-ms="126" status="PASS">
          <reporter-output>
          </reporter-output>
        </test-method> <!-- subit_in_code -->
        <test-method signature="org_details()[pri:8, instance:test_suite.Mobile_Num_Test@6831d8fd]" started-at="2022-04-04T11:37:58 IST" name="org_details" finished-at="2022-04-04T11:37:59 IST" duration-ms="938" status="PASS">
          <reporter-output>
          </reporter-output>
        </test-method> <!-- org_details -->
        <test-method signature="per_pan_validation()[pri:9, instance:test_suite.Mobile_Num_Test@6831d8fd]" started-at="2022-04-04T11:37:59 IST" name="per_pan_validation" finished-at="2022-04-04T11:38:02 IST" duration-ms="2371" status="PASS">
          <reporter-output>
          </reporter-output>
        </test-method> <!-- per_pan_validation -->
        <test-method signature="mobile_verfy()[pri:10, instance:test_suite.Mobile_Num_Test@6831d8fd]" started-at="2022-04-04T11:38:02 IST" name="mobile_verfy" finished-at="2022-04-04T11:38:06 IST" duration-ms="3813" status="PASS">
          <reporter-output>
          </reporter-output>
        </test-method> <!-- mobile_verfy -->
        <test-method is-config="true" signature="teardown()[pri:0, instance:test_suite.Mobile_Num_Test@6831d8fd]" started-at="2022-04-04T11:38:06 IST" name="teardown" finished-at="2022-04-04T11:38:06 IST" duration-ms="119" status="PASS">
          <reporter-output>
          </reporter-output>
        </test-method> <!-- teardown -->
      </class> <!-- test_suite.Mobile_Num_Test -->
      <class name="test_suite.Invitation_Code_Test">
        <test-method is-config="true" signature="setup()[pri:0, instance:test_suite.Invitation_Code_Test@7bd69e82]" started-at="2022-04-04T11:37:40 IST" name="setup" finished-at="2022-04-04T11:37:42 IST" duration-ms="1483" status="PASS">
          <reporter-output>
          </reporter-output>
        </test-method> <!-- setup -->
        <test-method signature="title_validation()[pri:1, instance:test_suite.Invitation_Code_Test@7bd69e82]" started-at="2022-04-04T11:37:42 IST" name="title_validation" finished-at="2022-04-04T11:37:42 IST" duration-ms="11" status="PASS">
          <reporter-output>
          </reporter-output>
        </test-method> <!-- title_validation -->
        <test-method signature="logo_validation()[pri:2, instance:test_suite.Invitation_Code_Test@7bd69e82]" started-at="2022-04-04T11:37:42 IST" name="logo_validation" finished-at="2022-04-04T11:37:42 IST" duration-ms="35" status="PASS">
          <reporter-output>
          </reporter-output>
        </test-method> <!-- logo_validation -->
        <test-method signature="t_c_validation()[pri:3, instance:test_suite.Invitation_Code_Test@7bd69e82]" started-at="2022-04-04T11:37:42 IST" name="t_c_validation" finished-at="2022-04-04T11:37:42 IST" duration-ms="102" status="PASS">
          <reporter-output>
          </reporter-output>
        </test-method> <!-- t_c_validation -->
        <test-method signature="term_checkbox()[pri:4, instance:test_suite.Invitation_Code_Test@7bd69e82]" started-at="2022-04-04T11:37:42 IST" name="term_checkbox" finished-at="2022-04-04T11:37:42 IST" duration-ms="56" status="PASS">
          <reporter-output>
          </reporter-output>
        </test-method> <!-- term_checkbox -->
        <test-method signature="review_confirm()[pri:5, instance:test_suite.Invitation_Code_Test@7bd69e82]" started-at="2022-04-04T11:37:42 IST" name="review_confirm" finished-at="2022-04-04T11:37:42 IST" duration-ms="107" status="PASS">
          <reporter-output>
          </reporter-output>
        </test-method> <!-- review_confirm -->
        <test-method signature="invitation_code()[pri:6, instance:test_suite.Invitation_Code_Test@7bd69e82]" started-at="2022-04-04T11:37:42 IST" name="invitation_code" finished-at="2022-04-04T11:37:45 IST" duration-ms="2482" status="PASS">
          <reporter-output>
          </reporter-output>
        </test-method> <!-- invitation_code -->
        <test-method signature="subit_in_code()[pri:7, instance:test_suite.Invitation_Code_Test@7bd69e82]" started-at="2022-04-04T11:37:45 IST" name="subit_in_code" finished-at="2022-04-04T11:37:45 IST" duration-ms="74" status="PASS">
          <reporter-output>
          </reporter-output>
        </test-method> <!-- subit_in_code -->
        <test-method is-config="true" signature="teardown()[pri:0, instance:test_suite.Invitation_Code_Test@7bd69e82]" started-at="2022-04-04T11:37:45 IST" name="teardown" finished-at="2022-04-04T11:37:45 IST" duration-ms="121" status="PASS">
          <reporter-output>
          </reporter-output>
        </test-method> <!-- teardown -->
      </class> <!-- test_suite.Invitation_Code_Test -->
      <class name="test_suite.Bill_Plan_Test">
        <test-method is-config="true" signature="setup()[pri:0, instance:test_suite.Bill_Plan_Test@42deb43a]" started-at="2022-04-04T11:41:08 IST" name="setup" finished-at="2022-04-04T11:41:10 IST" duration-ms="1477" status="PASS">
          <reporter-output>
          </reporter-output>
        </test-method> <!-- setup -->
        <test-method signature="log_in_seller()[pri:1, instance:test_suite.Bill_Plan_Test@42deb43a]" started-at="2022-04-04T11:41:10 IST" name="log_in_seller" finished-at="2022-04-04T11:41:13 IST" duration-ms="2934" status="PASS">
          <reporter-output>
          </reporter-output>
        </test-method> <!-- log_in_seller -->
        <test-method signature="bill_plan_validation()[pri:2, instance:test_suite.Bill_Plan_Test@42deb43a]" started-at="2022-04-04T11:41:13 IST" name="bill_plan_validation" finished-at="2022-04-04T11:41:24 IST" duration-ms="11016" status="PASS">
          <reporter-output>
          </reporter-output>
        </test-method> <!-- bill_plan_validation -->
        <test-method is-config="true" signature="teardown()[pri:0, instance:test_suite.Bill_Plan_Test@42deb43a]" started-at="2022-04-04T11:41:24 IST" name="teardown" finished-at="2022-04-04T11:41:24 IST" duration-ms="66" status="PASS">
          <reporter-output>
          </reporter-output>
        </test-method> <!-- teardown -->
      </class> <!-- test_suite.Bill_Plan_Test -->
      <class name="test_suite.Admin_Login_Test">
        <test-method is-config="true" signature="setup()[pri:0, instance:test_suite.Admin_Login_Test@3bb9efbc]" started-at="2022-04-04T11:43:06 IST" name="setup" finished-at="2022-04-04T11:43:07 IST" duration-ms="1457" status="PASS">
          <reporter-output>
          </reporter-output>
        </test-method> <!-- setup -->
        <test-method signature="log_in_admin()[pri:1, instance:test_suite.Admin_Login_Test@3bb9efbc]" started-at="2022-04-04T11:43:07 IST" name="log_in_admin" finished-at="2022-04-04T11:43:11 IST" duration-ms="4051" status="PASS">
          <reporter-output>
          </reporter-output>
        </test-method> <!-- log_in_admin -->
        <test-method is-config="true" signature="teardown()[pri:0, instance:test_suite.Admin_Login_Test@3bb9efbc]" started-at="2022-04-04T11:43:11 IST" name="teardown" finished-at="2022-04-04T11:43:11 IST" duration-ms="68" status="PASS">
          <reporter-output>
          </reporter-output>
        </test-method> <!-- teardown -->
      </class> <!-- test_suite.Admin_Login_Test -->
    </test> <!-- Test -->
  </suite> <!-- Suite -->
</testng-results>
