<?xml version="1.0" encoding="UTF-8"?>
<!-- Generated by org.testng.reporters.JUnitXMLReporter -->
<testsuite ignored="0" hostname="pruthviraj" failures="3" tests="84" name="Test" time="339.639" errors="0" timestamp="2022-04-04T11:43:11 IST">
  <testcase classname="test_suite.Landing_Page_Test" name="title_validation" time="0.026"/>
  <testcase classname="test_suite.Landing_Page_Test" name="logo_validation" time="2.284"/>
  <testcase classname="test_suite.Terms_Condition_Test" name="title_validation" time="0.011"/>
  <testcase classname="test_suite.Terms_Condition_Test" name="logo_validation" time="0.045"/>
  <testcase classname="test_suite.Terms_Condition_Test" name="t_c_validation" time="2.359"/>
  <testcase classname="test_suite.Terms_Condition_Test" name="term_checkbox" time="0.027"/>
  <testcase classname="test_suite.Invitation_Code_Test" name="title_validation" time="0.011"/>
  <testcase classname="test_suite.Invitation_Code_Test" name="logo_validation" time="0.035"/>
  <testcase classname="test_suite.Invitation_Code_Test" name="t_c_validation" time="0.102"/>
  <testcase classname="test_suite.Invitation_Code_Test" name="term_checkbox" time="0.056"/>
  <testcase classname="test_suite.Invitation_Code_Test" name="review_confirm" time="0.107"/>
  <testcase classname="test_suite.Invitation_Code_Test" name="invitation_code" time="2.482"/>
  <testcase classname="test_suite.Invitation_Code_Test" name="subit_in_code" time="0.074"/>
  <testcase classname="test_suite.Org_Details_Test" name="title_validation" time="0.023"/>
  <testcase classname="test_suite.Org_Details_Test" name="logo_validation" time="0.059"/>
  <testcase classname="test_suite.Org_Details_Test" name="t_c_validation" time="0.124"/>
  <testcase classname="test_suite.Org_Details_Test" name="term_checkbox" time="0.056"/>
  <testcase classname="test_suite.Org_Details_Test" name="review_confirm" time="0.068"/>
  <testcase classname="test_suite.Org_Details_Test" name="invitation_code" time="0.293"/>
  <testcase classname="test_suite.Org_Details_Test" name="subit_in_code" time="0.13"/>
  <testcase classname="test_suite.Org_Details_Test" name="org_details" time="3.243"/>
  <testcase classname="test_suite.Personal_Pan_Test" name="title_validation" time="0.016"/>
  <testcase classname="test_suite.Personal_Pan_Test" name="logo_validation" time="0.06"/>
  <testcase classname="test_suite.Personal_Pan_Test" name="t_c_validation" time="0.099"/>
  <testcase classname="test_suite.Personal_Pan_Test" name="term_checkbox" time="0.114"/>
  <testcase classname="test_suite.Personal_Pan_Test" name="review_confirm" time="0.079"/>
  <testcase classname="test_suite.Personal_Pan_Test" name="invitation_code" time="0.295"/>
  <testcase classname="test_suite.Personal_Pan_Test" name="subit_in_code" time="0.116"/>
  <testcase classname="test_suite.Personal_Pan_Test" name="org_details" time="0.911"/>
  <testcase classname="test_suite.Personal_Pan_Test" name="per_pan_validation" time="2.453"/>
  <testcase classname="test_suite.Mobile_Num_Test" name="title_validation" time="0.016"/>
  <testcase classname="test_suite.Mobile_Num_Test" name="logo_validation" time="0.059"/>
  <testcase classname="test_suite.Mobile_Num_Test" name="t_c_validation" time="0.106"/>
  <testcase classname="test_suite.Mobile_Num_Test" name="term_checkbox" time="0.09"/>
  <testcase classname="test_suite.Mobile_Num_Test" name="review_confirm" time="0.11"/>
  <testcase classname="test_suite.Mobile_Num_Test" name="invitation_code" time="0.255"/>
  <testcase classname="test_suite.Mobile_Num_Test" name="subit_in_code" time="0.126"/>
  <testcase classname="test_suite.Mobile_Num_Test" name="org_details" time="0.938"/>
  <testcase classname="test_suite.Mobile_Num_Test" name="per_pan_validation" time="2.371"/>
  <testcase classname="test_suite.Mobile_Num_Test" name="mobile_verfy" time="3.813"/>
  <testcase classname="test_suite.Email_Id_Test" name="title_validation" time="0.006"/>
  <testcase classname="test_suite.Email_Id_Test" name="logo_validation" time="0.102"/>
  <testcase classname="test_suite.Email_Id_Test" name="t_c_validation" time="0.128"/>
  <testcase classname="test_suite.Email_Id_Test" name="term_checkbox" time="0.059"/>
  <testcase classname="test_suite.Email_Id_Test" name="review_confirm" time="0.079"/>
  <testcase classname="test_suite.Email_Id_Test" name="invitation_code" time="0.311"/>
  <testcase classname="test_suite.Email_Id_Test" name="subit_in_code" time="0.115"/>
  <testcase classname="test_suite.Email_Id_Test" name="org_details" time="1.042"/>
  <testcase classname="test_suite.Email_Id_Test" name="per_pan_validation" time="2.58"/>
  <testcase classname="test_suite.Email_Id_Test" name="mobile_verfy" time="3.823"/>
  <testcase classname="test_suite.Email_Id_Test" name="email_vrf" time="6.385"/>
  <testcase classname="test_suite.User_Credentials_Test" name="title_validation" time="0.016"/>
  <testcase classname="test_suite.User_Credentials_Test" name="logo_validation" time="0.1"/>
  <testcase classname="test_suite.User_Credentials_Test" name="t_c_validation" time="0.113"/>
  <testcase classname="test_suite.User_Credentials_Test" name="term_checkbox" time="0.081"/>
  <testcase classname="test_suite.User_Credentials_Test" name="review_confirm" time="0.095"/>
  <testcase classname="test_suite.User_Credentials_Test" name="invitation_code" time="0.262"/>
  <testcase classname="test_suite.User_Credentials_Test" name="subit_in_code" time="0.121"/>
  <testcase classname="test_suite.User_Credentials_Test" name="org_details" time="0.995"/>
  <testcase classname="test_suite.User_Credentials_Test" name="per_pan_validation" time="2.485"/>
  <testcase classname="test_suite.User_Credentials_Test" name="mobile_verfy" time="3.836"/>
  <testcase classname="test_suite.User_Credentials_Test" name="email_vrf" time="6.394"/>
  <testcase classname="test_suite.User_Credentials_Test" name="seller_cred" time="6.552"/>
  <testcase classname="test_suite.Data_driven_login_Test" name="login_screen" time="3.873"/>
  <testcase classname="test_suite.Data_driven_login_Test" name="login_screen" time="3.367"/>
  <testcase classname="test_suite.Data_driven_login_Test" name="login_screen" time="4.133"/>
  <testcase classname="test_suite.Data_driven_login_Test" name="login_screen" time="3.276"/>
  <testcase classname="test_suite.Business_Pan_Test" name="log_in_seller" time="3.871"/>
  <testcase classname="test_suite.Business_Pan_Test" name="bus_pan_validation" time="5.474"/>
  <testcase classname="test_suite.Cin_Validate_Test" name="log_in_seller" time="3.747"/>
  <testcase classname="test_suite.Cin_Validate_Test" name="Cin_no_valid" time="6.501"/>
  <testcase classname="test_suite.Company_Details_Test" name="log_in_seller" time="3.306"/>
  <testcase classname="test_suite.Company_Details_Test" name="company_details_validation" time="4.699"/>
  <testcase classname="test_suite.Office_Location_Test" name="log_in_seller" time="3.355"/>
  <testcase classname="test_suite.Office_Location_Test" name="Office_location_validation" time="52.719">
    <failure type="org.openqa.selenium.NoSuchElementException" message="Cannot locate element with text: General Zone
For documentation on this error, please visit: https://www.seleniumhq.org/exceptions/no_such_element.html
Build info: version: &amp;apos;3.141.59&amp;apos;, revision: &amp;apos;e82be7d358&amp;apos;, time: &amp;apos;2018-11-14T08:17:03&amp;apos;
System info: host: &amp;apos;pruthviraj&amp;apos;, ip: &amp;apos;10.20.10.145&amp;apos;, os.name: &amp;apos;Linux&amp;apos;, os.arch: &amp;apos;amd64&amp;apos;, os.version: &amp;apos;5.14.0-1031-oem&amp;apos;, java.version: &amp;apos;15.0.2&amp;apos;
Driver info: driver.version: unknown">
      <![CDATA[org.openqa.selenium.NoSuchElementException: Cannot locate element with text: General Zone
For documentation on this error, please visit: https://www.seleniumhq.org/exceptions/no_such_element.html
Build info: version: '3.141.59', revision: 'e82be7d358', time: '2018-11-14T08:17:03'
System info: host: 'pruthviraj', ip: '10.20.10.145', os.name: 'Linux', os.arch: 'amd64', os.version: '5.14.0-1031-oem', java.version: '15.0.2'
Driver info: driver.version: unknown
at org.openqa.selenium.support.ui.Select.selectByVisibleText(Select.java:147)
at testcase_methods.Office_location_.office_location_create(Office_location_.java:117)
at test_suite.Office_Location_Test.Office_location_validation(Office_Location_Test.java:21)
at java.base/java.util.ArrayList.forEach(ArrayList.java:1511)
... Removed 27 stack frames]]>
    </failure>
  </testcase> <!-- Office_location_validation -->
  <testcase classname="test_suite.Bank_Account_Test" name="log_in_seller" time="3.168"/>
  <testcase classname="test_suite.Bank_Account_Test" name="bank_act_validation" time="24.061">
    <failure type="org.openqa.selenium.NoSuchElementException" message="no such element: Unable to locate element: {&amp;quot;method&amp;quot;:&amp;quot;xpath&amp;quot;,&amp;quot;selector&amp;quot;:&amp;quot;//span[@class=&amp;apos;mismatch ng-scope&amp;apos;]&amp;quot;}
  (Session info: chrome=98.0.4758.80)
For documentation on this error, please visit: https://www.seleniumhq.org/exceptions/no_such_element.html
Build info: version: &amp;apos;3.141.59&amp;apos;, revision: &amp;apos;e82be7d358&amp;apos;, time: &amp;apos;2018-11-14T08:17:03&amp;apos;
System info: host: &amp;apos;pruthviraj&amp;apos;, ip: &amp;apos;10.20.10.145&amp;apos;, os.name: &amp;apos;Linux&amp;apos;, os.arch: &amp;apos;amd64&amp;apos;, os.version: &amp;apos;5.14.0-1031-oem&amp;apos;, java.version: &amp;apos;15.0.2&amp;apos;
Driver info: org.openqa.selenium.chrome.ChromeDriver
Capabilities {acceptInsecureCerts: false, browserName: chrome, browserVersion: 98.0.4758.80, chrome: {chromedriverVersion: 98.0.4758.80 (7f0488e8ba0d8..., userDataDir: /tmp/.com.google.Chrome.eshH2t}, goog:chromeOptions: {debuggerAddress: localhost:45557}, javascriptEnabled: true, networkConnectionEnabled: false, pageLoadStrategy: normal, platform: LINUX, platformName: LINUX, proxy: Proxy(), setWindowRect: true, strictFileInteractability: false, timeouts: {implicit: 0, pageLoad: 300000, script: 30000}, unhandledPromptBehavior: dismiss and notify, webauthn:extension:credBlob: true, webauthn:extension:largeBlob: true, webauthn:virtualAuthenticators: true}
Session ID: 44f7257f207667660b4f0279899be70b
*** Element info: {Using=xpath, value=//span[@class=&amp;apos;mismatch ng-scope&amp;apos;]}">
      <![CDATA[org.openqa.selenium.NoSuchElementException: no such element: Unable to locate element: {"method":"xpath","selector":"//span[@class='mismatch ng-scope']"}
  (Session info: chrome=98.0.4758.80)
For documentation on this error, please visit: https://www.seleniumhq.org/exceptions/no_such_element.html
Build info: version: '3.141.59', revision: 'e82be7d358', time: '2018-11-14T08:17:03'
System info: host: 'pruthviraj', ip: '10.20.10.145', os.name: 'Linux', os.arch: 'amd64', os.version: '5.14.0-1031-oem', java.version: '15.0.2'
Driver info: org.openqa.selenium.chrome.ChromeDriver
Capabilities {acceptInsecureCerts: false, browserName: chrome, browserVersion: 98.0.4758.80, chrome: {chromedriverVersion: 98.0.4758.80 (7f0488e8ba0d8..., userDataDir: /tmp/.com.google.Chrome.eshH2t}, goog:chromeOptions: {debuggerAddress: localhost:45557}, javascriptEnabled: true, networkConnectionEnabled: false, pageLoadStrategy: normal, platform: LINUX, platformName: LINUX, proxy: Proxy(), setWindowRect: true, strictFileInteractability: false, timeouts: {implicit: 0, pageLoad: 300000, script: 30000}, unhandledPromptBehavior: dismiss and notify, webauthn:extension:credBlob: true, webauthn:extension:largeBlob: true, webauthn:virtualAuthenticators: true}
Session ID: 44f7257f207667660b4f0279899be70b
*** Element info: {Using=xpath, value=//span[@class='mismatch ng-scope']}
at org.openqa.selenium.remote.http.W3CHttpResponseCodec.createException(W3CHttpResponseCodec.java:187)
at org.openqa.selenium.remote.http.W3CHttpResponseCodec.decode(W3CHttpResponseCodec.java:122)
at org.openqa.selenium.remote.http.W3CHttpResponseCodec.decode(W3CHttpResponseCodec.java:49)
at org.openqa.selenium.remote.HttpCommandExecutor.execute(HttpCommandExecutor.java:158)
at org.openqa.selenium.remote.service.DriverCommandExecutor.execute(DriverCommandExecutor.java:83)
at org.openqa.selenium.remote.RemoteWebDriver.execute(RemoteWebDriver.java:552)
at org.openqa.selenium.remote.RemoteWebDriver.findElement(RemoteWebDriver.java:323)
at org.openqa.selenium.remote.RemoteWebDriver.findElementByXPath(RemoteWebDriver.java:428)
at org.openqa.selenium.By$ByXPath.findElement(By.java:353)
at org.openqa.selenium.remote.RemoteWebDriver.findElement(RemoteWebDriver.java:315)
at page_objects.Bank_acc_page.get_validation_error_symbol(Bank_acc_page.java:79)
at testcase_methods.Bank_account_.bank_acc_validation(Bank_account_.java:103)
at test_suite.Bank_Account_Test.bank_act_validation(Bank_Account_Test.java:22)
at java.base/java.util.ArrayList.forEach(ArrayList.java:1511)
... Removed 32 stack frames]]>
    </failure>
  </testcase> <!-- bank_act_validation -->
  <testcase classname="test_suite.My_Catagories_Test" name="log_in_seller" time="3.147"/>
  <testcase classname="test_suite.My_Catagories_Test" name="my_catagory_validation" time="5.695"/>
  <testcase classname="test_suite.Bill_Plan_Test" name="log_in_seller" time="2.934"/>
  <testcase classname="test_suite.Bill_Plan_Test" name="bill_plan_validation" time="11.016"/>
  <testcase classname="test_suite.Documents_Test" name="log_in_seller" time="3.229"/>
  <testcase classname="test_suite.Documents_Test" name="doc_validate1" time="97.031">
    <failure type="org.openqa.selenium.NoSuchElementException" message="no such element: Unable to locate element: {&amp;quot;method&amp;quot;:&amp;quot;css selector&amp;quot;,&amp;quot;selector&amp;quot;:&amp;quot;#bd &amp;gt; div &amp;gt; div &amp;gt; div &amp;gt; seller-profile-component &amp;gt; div.sellerprofile.col-md-12.ng-scope &amp;gt; div.panel-wrapper.ng-scope &amp;gt; h2 &amp;gt; span &amp;gt; span &amp;gt; span &amp;gt; button&amp;quot;}
  (Session info: chrome=98.0.4758.80)
For documentation on this error, please visit: https://www.seleniumhq.org/exceptions/no_such_element.html
Build info: version: &amp;apos;3.141.59&amp;apos;, revision: &amp;apos;e82be7d358&amp;apos;, time: &amp;apos;2018-11-14T08:17:03&amp;apos;
System info: host: &amp;apos;pruthviraj&amp;apos;, ip: &amp;apos;10.20.10.145&amp;apos;, os.name: &amp;apos;Linux&amp;apos;, os.arch: &amp;apos;amd64&amp;apos;, os.version: &amp;apos;5.14.0-1031-oem&amp;apos;, java.version: &amp;apos;15.0.2&amp;apos;
Driver info: org.openqa.selenium.chrome.ChromeDriver
Capabilities {acceptInsecureCerts: false, browserName: chrome, browserVersion: 98.0.4758.80, chrome: {chromedriverVersion: 98.0.4758.80 (7f0488e8ba0d8..., userDataDir: /tmp/.com.google.Chrome.ILqIey}, goog:chromeOptions: {debuggerAddress: localhost:46065}, javascriptEnabled: true, networkConnectionEnabled: false, pageLoadStrategy: normal, platform: LINUX, platformName: LINUX, proxy: Proxy(), setWindowRect: true, strictFileInteractability: false, timeouts: {implicit: 0, pageLoad: 300000, script: 30000}, unhandledPromptBehavior: dismiss and notify, webauthn:extension:credBlob: true, webauthn:extension:largeBlob: true, webauthn:virtualAuthenticators: true}
Session ID: f47482ca310af60ecc6d8ae70c857462
*** Element info: {Using=css selector, value=#bd &amp;gt; div &amp;gt; div &amp;gt; div &amp;gt; seller-profile-component &amp;gt; div.sellerprofile.col-md-12.ng-scope &amp;gt; div.panel-wrapper.ng-scope &amp;gt; h2 &amp;gt; span &amp;gt; span &amp;gt; span &amp;gt; button}">
      <![CDATA[org.openqa.selenium.NoSuchElementException: no such element: Unable to locate element: {"method":"css selector","selector":"#bd > div > div > div > seller-profile-component > div.sellerprofile.col-md-12.ng-scope > div.panel-wrapper.ng-scope > h2 > span > span > span > button"}
  (Session info: chrome=98.0.4758.80)
For documentation on this error, please visit: https://www.seleniumhq.org/exceptions/no_such_element.html
Build info: version: '3.141.59', revision: 'e82be7d358', time: '2018-11-14T08:17:03'
System info: host: 'pruthviraj', ip: '10.20.10.145', os.name: 'Linux', os.arch: 'amd64', os.version: '5.14.0-1031-oem', java.version: '15.0.2'
Driver info: org.openqa.selenium.chrome.ChromeDriver
Capabilities {acceptInsecureCerts: false, browserName: chrome, browserVersion: 98.0.4758.80, chrome: {chromedriverVersion: 98.0.4758.80 (7f0488e8ba0d8..., userDataDir: /tmp/.com.google.Chrome.ILqIey}, goog:chromeOptions: {debuggerAddress: localhost:46065}, javascriptEnabled: true, networkConnectionEnabled: false, pageLoadStrategy: normal, platform: LINUX, platformName: LINUX, proxy: Proxy(), setWindowRect: true, strictFileInteractability: false, timeouts: {implicit: 0, pageLoad: 300000, script: 30000}, unhandledPromptBehavior: dismiss and notify, webauthn:extension:credBlob: true, webauthn:extension:largeBlob: true, webauthn:virtualAuthenticators: true}
Session ID: f47482ca310af60ecc6d8ae70c857462
*** Element info: {Using=css selector, value=#bd > div > div > div > seller-profile-component > div.sellerprofile.col-md-12.ng-scope > div.panel-wrapper.ng-scope > h2 > span > span > span > button}
at org.openqa.selenium.remote.http.W3CHttpResponseCodec.createException(W3CHttpResponseCodec.java:187)
at org.openqa.selenium.remote.http.W3CHttpResponseCodec.decode(W3CHttpResponseCodec.java:122)
at org.openqa.selenium.remote.http.W3CHttpResponseCodec.decode(W3CHttpResponseCodec.java:49)
at org.openqa.selenium.remote.HttpCommandExecutor.execute(HttpCommandExecutor.java:158)
at org.openqa.selenium.remote.service.DriverCommandExecutor.execute(DriverCommandExecutor.java:83)
at org.openqa.selenium.remote.RemoteWebDriver.execute(RemoteWebDriver.java:552)
at org.openqa.selenium.remote.RemoteWebDriver.findElement(RemoteWebDriver.java:323)
at org.openqa.selenium.remote.RemoteWebDriver.findElementByCssSelector(RemoteWebDriver.java:420)
at org.openqa.selenium.By$ByCssSelector.findElement(By.java:431)
at org.openqa.selenium.remote.RemoteWebDriver.findElement(RemoteWebDriver.java:315)
at page_objects.Documents_page.get_request_for_approval_btn(Documents_page.java:70)
at testcase_methods.Documents_.doc_validate(Documents_.java:290)
at test_suite.Documents_Test.doc_validate1(Documents_Test.java:22)
at java.base/java.util.ArrayList.forEach(ArrayList.java:1511)
... Removed 32 stack frames]]>
    </failure>
  </testcase> <!-- doc_validate1 -->
  <testcase classname="test_suite.Admin_Login_Test" name="log_in_admin" time="4.051"/>
</testsuite> <!-- Test -->
